2023-04-18 20:47:49 INFO  Log:14 - ******************
2023-04-18 20:47:49 INFO  Log:15 - ******************
2023-04-18 20:47:49 INFO  Log:16 - ********This is the beginning of my Test case**********
2023-04-18 20:47:49 INFO  Log:24 - My test case is executing right now
2023-04-18 20:48:01 INFO  Log:24 - This test case is about to get completed
2023-04-18 20:48:01 INFO  Log:19 - ############################################
2023-04-18 20:48:01 INFO  Log:20 - ############################################
2023-04-18 20:48:01 INFO  Log:21 - ##############This test case is finished###################
2023-04-18 22:03:34 INFO  Log:14 - ******************
2023-04-18 22:03:34 INFO  Log:15 - ******************
2023-04-18 22:03:34 INFO  Log:16 - ********This is the beginning of my Test case**********
2023-04-18 22:03:34 INFO  Log:24 - My test case is executing right now
2023-04-18 22:03:42 INFO  Log:24 - This test case is about to get completed
2023-04-18 22:03:42 INFO  Log:19 - ############################################
2023-04-18 22:03:42 INFO  Log:20 - ############################################
2023-04-18 22:03:42 INFO  Log:21 - ##############This test case is finished###################
2023-04-22 09:37:45 INFO  Log:14 - ******************
2023-04-22 09:37:45 INFO  Log:15 - ******************
2023-04-22 09:37:45 INFO  Log:16 - ********This is the beginning of my Test case**********
2023-04-22 09:37:45 INFO  Log:24 - My test case is executing right now
2023-04-22 09:37:52 INFO  Log:24 - This test case is about to get completed
2023-04-22 09:37:52 INFO  Log:19 - ############################################
2023-04-22 09:37:52 INFO  Log:20 - ############################################
2023-04-22 09:37:52 INFO  Log:21 - ##############This test case is finished###################
2023-04-24 22:07:32 INFO  Log:14 - ******************
2023-04-24 22:07:32 INFO  Log:15 - ******************
2023-04-24 22:07:32 INFO  Log:16 - ********This is the beginning of my Test case**********
2023-04-24 22:07:32 INFO  Log:24 - My test case is executing right now
2023-04-24 22:07:40 INFO  Log:24 - This test case is about to get completed
2023-04-24 22:07:40 INFO  Log:19 - ############################################
2023-04-24 22:07:40 INFO  Log:20 - ############################################
2023-04-24 22:07:40 INFO  Log:21 - ##############This test case is finished###################
2023-04-24 22:21:42 INFO  Log:14 - ******************
2023-04-24 22:21:42 INFO  Log:15 - ******************
2023-04-24 22:21:42 INFO  Log:16 - ********This is the beginning of my Test case**********
2023-04-24 22:21:42 INFO  Log:24 - My test case is executing right now
2023-04-24 22:21:50 INFO  Log:24 - This test case is about to get completed
2023-04-24 22:21:50 INFO  Log:19 - ############################################
2023-04-24 22:21:50 INFO  Log:20 - ############################################
2023-04-24 22:21:50 INFO  Log:21 - ##############This test case is finished###################
2023-05-09 19:18:51 INFO  Log:12 - ******************
2023-05-09 19:18:51 INFO  Log:13 - ******************
2023-05-09 19:18:51 INFO  Log:14 - ********This is the beginning of my Test case**********
2023-05-09 19:18:51 INFO  Log:22 - My test case is executing right now
2023-05-09 19:18:58 INFO  Log:22 - This test case is about to get completed
2023-05-09 19:18:58 INFO  Log:17 - ############################################
2023-05-09 19:18:58 INFO  Log:18 - ############################################
2023-05-09 19:18:58 INFO  Log:19 - ##############This test case is finished###################
2023-05-13 12:26:09 INFO  Log:12 - ******************
2023-05-13 12:26:09 INFO  Log:13 - ******************
2023-05-13 12:26:09 INFO  Log:14 - ********This is the beginning of my Test case**********
2023-05-13 12:26:09 INFO  Log:22 - My test case is executing right now
2023-05-13 12:26:11 INFO  Log:22 - This test case is about to get completed
2023-05-13 12:26:11 INFO  Log:17 - ############################################
2023-05-13 12:26:11 INFO  Log:18 - ############################################
2023-05-13 12:26:11 INFO  Log:19 - ##############This test case is finished###################
2023-05-13 12:26:52 INFO  Log:12 - ******************
2023-05-13 12:26:52 INFO  Log:13 - ******************
2023-05-13 12:26:52 INFO  Log:14 - ********This is the beginning of my Test case**********
2023-05-13 12:26:52 INFO  Log:22 - My test case is executing right now
2023-05-13 12:26:59 INFO  Log:22 - This test case is about to get completed
2023-05-13 12:26:59 INFO  Log:17 - ############################################
2023-05-13 12:26:59 INFO  Log:18 - ############################################
2023-05-13 12:26:59 INFO  Log:19 - ##############This test case is finished###################
2023-05-13 12:31:59 INFO  Log:12 - ******************
2023-05-13 12:31:59 INFO  Log:13 - ******************
2023-05-13 12:31:59 INFO  Log:14 - ********This is the beginning of my Test case**********
2023-05-13 12:31:59 INFO  Log:22 - My test case is executing right now
2023-05-13 12:32:35 INFO  Log:22 - This test case is about to get completed
2023-05-13 12:32:35 INFO  Log:17 - ############################################
2023-05-13 12:32:35 INFO  Log:18 - ############################################
2023-05-13 12:32:35 INFO  Log:19 - ##############This test case is finished###################
2023-05-13 12:35:59 INFO  Log:12 - ******************
2023-05-13 12:35:59 INFO  Log:13 - ******************
2023-05-13 12:35:59 INFO  Log:14 - ********This is the beginning of my Test case**********
2023-05-13 12:35:59 INFO  Log:22 - My test case is executing right now
2023-05-13 12:36:07 INFO  Log:22 - This test case is about to get completed
2023-05-13 12:36:07 INFO  Log:17 - ############################################
2023-05-13 12:36:07 INFO  Log:18 - ############################################
2023-05-13 12:36:07 INFO  Log:19 - ##############This test case is finished###################
2023-05-13 12:38:43 INFO  Log:12 - ******************
2023-05-13 12:38:43 INFO  Log:13 - ******************
2023-05-13 12:38:43 INFO  Log:14 - ********This is the beginning of my Test case**********
2023-05-13 12:38:43 INFO  Log:22 - My test case is executing right now
2023-05-13 12:38:49 INFO  Log:22 - This test case is about to get completed
2023-05-13 12:38:49 INFO  Log:17 - ############################################
2023-05-13 12:38:49 INFO  Log:18 - ############################################
2023-05-13 12:38:49 INFO  Log:19 - ##############This test case is finished###################
2023-05-13 12:41:43 INFO  Log:12 - ******************
2023-05-13 12:41:43 INFO  Log:13 - ******************
2023-05-13 12:41:43 INFO  Log:14 - ********This is the beginning of my Test case**********
2023-05-13 12:41:43 INFO  Log:22 - My test case is executing right now
2023-05-13 12:41:49 INFO  Log:22 - This test case is about to get completed
2023-05-13 12:41:49 INFO  Log:17 - ############################################
2023-05-13 12:41:49 INFO  Log:18 - ############################################
2023-05-13 12:41:49 INFO  Log:19 - ##############This test case is finished###################
2023-05-13 12:44:30 INFO  Log:12 - ******************
2023-05-13 12:44:30 INFO  Log:13 - ******************
2023-05-13 12:44:30 INFO  Log:14 - ********This is the beginning of my Test case**********
2023-05-13 12:44:30 INFO  Log:22 - My test case is executing right now
2023-05-13 12:44:37 INFO  Log:22 - This test case is about to get completed
2023-05-13 12:44:37 INFO  Log:17 - ############################################
2023-05-13 12:44:37 INFO  Log:18 - ############################################
2023-05-13 12:44:37 INFO  Log:19 - ##############This test case is finished###################
2023-05-13 23:01:27 INFO  Log:12 - ******************
2023-05-13 23:01:27 INFO  Log:13 - ******************
2023-05-13 23:01:27 INFO  Log:14 - ********This is the beginning of my Test case**********
2023-05-13 23:01:27 INFO  Log:22 - My test case is executing right now
2023-05-13 23:01:27 INFO  Log:12 - ******************
2023-05-13 23:01:27 INFO  Log:13 - ******************
2023-05-13 23:01:27 INFO  Log:14 - ********This is the beginning of my Test case**********
2023-05-13 23:01:27 INFO  Log:22 - My test case is executing right now
2023-05-13 23:01:34 INFO  Log:22 - This test case is about to get completed
2023-05-13 23:01:34 INFO  Log:17 - ############################################
2023-05-13 23:01:34 INFO  Log:18 - ############################################
2023-05-13 23:01:34 INFO  Log:19 - ##############This test case is finished###################
2023-05-13 23:01:34 INFO  Log:22 - This test case is about to get completed
2023-05-13 23:01:34 INFO  Log:17 - ############################################
2023-05-13 23:01:34 INFO  Log:18 - ############################################
2023-05-13 23:01:34 INFO  Log:19 - ##############This test case is finished###################
2023-05-30 21:33:12 INFO  Log:12 - ******************
2023-05-30 21:33:12 INFO  Log:13 - ******************
2023-05-30 21:33:12 INFO  Log:14 - ********This is the beginning of my Test case**********
2023-05-30 21:33:12 INFO  Log:22 - My test case is executing right now
2023-05-30 21:33:21 INFO  Log:22 - This test case is about to get completed
2023-05-30 21:33:21 INFO  Log:17 - ############################################
2023-05-30 21:33:21 INFO  Log:18 - ############################################
2023-05-30 21:33:21 INFO  Log:19 - ##############This test case is finished###################
2023-05-30 21:33:44 INFO  Log:12 - ******************
2023-05-30 21:33:44 INFO  Log:13 - ******************
2023-05-30 21:33:44 INFO  Log:14 - ********This is the beginning of my Test case**********
2023-05-30 21:33:44 INFO  Log:22 - My test case is executing right now
2023-05-30 21:34:00 INFO  Log:22 - This test case is about to get completed
2023-05-30 21:34:00 INFO  Log:17 - ############################################
2023-05-30 21:34:00 INFO  Log:18 - ############################################
2023-05-30 21:34:00 INFO  Log:19 - ##############This test case is finished###################
2023-05-30 21:34:19 INFO  Log:12 - ******************
2023-05-30 21:34:19 INFO  Log:13 - ******************
2023-05-30 21:34:19 INFO  Log:14 - ********This is the beginning of my Test case**********
2023-05-30 21:34:19 INFO  Log:22 - My test case is executing right now
2023-05-30 21:34:22 INFO  Log:22 - This test case is about to get completed
2023-05-30 21:34:22 INFO  Log:17 - ############################################
2023-05-30 21:34:22 INFO  Log:18 - ############################################
2023-05-30 21:34:22 INFO  Log:19 - ##############This test case is finished###################
2023-05-31 19:00:19 INFO  Log:12 - ******************
2023-05-31 19:00:19 INFO  Log:13 - ******************
2023-05-31 19:00:19 INFO  Log:14 - ********This is the beginning of my Test case**********
2023-05-31 19:00:19 INFO  Log:22 - My test case is executing right now
2023-05-31 19:00:20 INFO  Log:22 - This test case is about to get completed
2023-05-31 19:00:20 INFO  Log:17 - ############################################
2023-05-31 19:00:20 INFO  Log:18 - ############################################
2023-05-31 19:00:20 INFO  Log:19 - ##############This test case is finished###################
2023-05-31 19:01:23 INFO  Log:12 - ******************
2023-05-31 19:01:23 INFO  Log:13 - ******************
2023-05-31 19:01:23 INFO  Log:14 - ********This is the beginning of my Test case**********
2023-05-31 19:01:23 INFO  Log:22 - My test case is executing right now
2023-05-31 19:01:25 INFO  Log:22 - This test case is about to get completed
2023-05-31 19:01:25 INFO  Log:17 - ############################################
2023-05-31 19:01:25 INFO  Log:18 - ############################################
2023-05-31 19:01:25 INFO  Log:19 - ##############This test case is finished###################
